================================Erreur de script================================
Message :
wrong argument type nil (expected String)

Type : TypeError
Script : 00000 Dependencies/00001 LiteRGSS2/00001 Graphics.rb (PSDK)
Ligne : 146
Date : 19/07/2022 17:34:53
Game Version : 
Logiciel : Pokémon SDK 26.1
===================================Backtraces===================================
[11] : 00000 Dependencies/00001 LiteRGSS2/00001 Graphics.rb (PSDK) | ligne 146 initialize
[10] : 00000 Dependencies/00001 LiteRGSS2/00001 Graphics.rb (PSDK) | ligne 146 new
[9] : 00000 Dependencies/00001 LiteRGSS2/00001 Graphics.rb (PSDK) | ligne 146 start
[8] : tools/GameLoader/Z_main.rb (PSDK) | ligne 4 <top (required)>
[7] : tools/GameLoader/3_load_extensions.rb (PSDK) | ligne 54 rgss_main
[6] : tools/GameLoader/50_load_game_uncompiled.rb (PSDK) | ligne 45 <top (required)>
[5] : ScriptLoad.rb (PSDK) | ligne 189 require
[4] : ScriptLoad.rb (PSDK) | ligne 189 load_tool
[3] : tools/GameLoader/Z_load_uncompiled.rb (PSDK) | ligne 14 <top (required)>
[2] : ScriptLoad.rb (PSDK) | ligne 189 require
[1] : ScriptLoad.rb (PSDK) | ligne 189 load_tool
[0] : Game.rb (RMXP) | ligne 11 <main>
===================================Fin du log===================================