================================Erreur de script================================
Message :
superclass mismatch for class Table

Type : TypeError
Script : /pokemonsdk/keep/GameData.rb (RMXP)
Ligne : 1407
Date : 19/07/2022 21:42:54
Game Version : 
Logiciel : Pokémon SDK 26.1
===================================Backtraces===================================
[18] : /pokemonsdk/keep/GameData.rb (RMXP) | ligne 1407 <top (required)>
[17] : tools/PSDKEditor.rb (PSDK) | ligne 9 require_relative
[16] : tools/PSDKEditor.rb (PSDK) | ligne 9 <top (required)>
[15] : ScriptLoad.rb (PSDK) | ligne 185 require
[14] : ScriptLoad.rb (PSDK) | ligne 185 load_tool
[13] : 00020 Config.rb (PSDK) | ligne 129 load_config_data
[12] : 00020 Config.rb (PSDK) | ligne 93 load_file_data
[11] : 00020 Config.rb (PSDK) | ligne 71 register
[10] : 00000 PSDK_CONFIG.rb (PSDK) | ligne 32 choose_best_resolution
[9] : 00000 Dependencies/00001 LiteRGSS2/00001 Graphics.rb (PSDK) | ligne 147 start
[8] : tools/GameLoader/Z_main.rb (PSDK) | ligne 4 <top (required)>
[7] : tools/GameLoader/3_load_extensions.rb (PSDK) | ligne 54 rgss_main
[6] : tools/GameLoader/50_load_game_uncompiled.rb (PSDK) | ligne 45 <top (required)>
[5] : ScriptLoad.rb (PSDK) | ligne 185 require
[4] : ScriptLoad.rb (PSDK) | ligne 185 load_tool
[3] : tools/GameLoader/Z_load_uncompiled.rb (PSDK) | ligne 14 <top (required)>
[2] : ScriptLoad.rb (PSDK) | ligne 185 require
[1] : ScriptLoad.rb (PSDK) | ligne 185 load_tool
[0] : Game.rb (RMXP) | ligne 8 <main>
===================================Fin du log===================================